Arguments: 
  /usr/local/bin/node /usr/local/bin/yarnpkg config get nodeLinker

PATH: 
  /usr/local/opt/php@7.3/sbin:/usr/local/opt/php@7.3/bin:/Users/wehorse11/.symfony/bin:/usr/local/bin:/usr/bin:/bin:/usr/sbin:/sbin:/Library/Apple/usr/bin:/Users/wehorse11/Library/Android/sdk/platform-tools

Yarn version: 
  1.22.4

Node version: 
  12.14.0

Platform: 
  darwin x64

Trace: 
  Error: Failed to replace env in config: ${NPM_TOKEN}
      at /usr/local/lib/node_modules/yarn/lib/cli.js:98869:13
      at String.replace (<anonymous>)
      at envReplace (/usr/local/lib/node_modules/yarn/lib/cli.js:98864:16)
      at Function.normalizeConfig (/usr/local/lib/node_modules/yarn/lib/cli.js:31887:69)
      at NpmRegistry.<anonymous> (/usr/local/lib/node_modules/yarn/lib/cli.js:31917:34)
      at Generator.next (<anonymous>)
      at step (/usr/local/lib/node_modules/yarn/lib/cli.js:310:30)
      at /usr/local/lib/node_modules/yarn/lib/cli.js:321:13

npm manifest: 
  No manifest

yarn manifest: 
  No manifest

Lockfile: 
  No lockfile
